<?xml version="1.0" encoding="UTF-8" ?>
<testsuite tests="56" failures="0" name="agileProject.CucumberTest" time="8.829" errors="0" skipped="0">
  <properties>
    <property name="java.runtime.name" value="OpenJDK Runtime Environment"/>
    <property name="java.vm.version" value="15.0.2+7-27"/>
    <property name="sun.boot.library.path" value="C:\Users\39327\.p2\pool\plugins\org.eclipse.justj.openjdk.hotspot.jre.full.win32.x86_64_15.0.2.v20210201-0955\jre\bin"/>
    <property name="maven.multiModuleProjectDirectory" value="C:\Users\39327\git\logistic-company-app\agileProject"/>
    <property name="java.vm.vendor" value="Oracle Corporation"/>
    <property name="java.vendor.url" value="https://java.oracle.com/"/>
    <property name="guice.disable.misplaced.annotation.check" value="true"/>
    <property name="path.separator" value=";"/>
    <property name="java.vm.name" value="OpenJDK 64-Bit Server VM"/>
    <property name="sun.os.patch.level" value=""/>
    <property name="user.script" value=""/>
    <property name="user.country" value="US"/>
    <property name="sun.java.launcher" value="SUN_STANDARD"/>
    <property name="java.vm.specification.name" value="Java Virtual Machine Specification"/>
    <property name="user.dir" value="C:\Users\39327\git\logistic-company-app\agileProject"/>
    <property name="java.vm.compressedOopsMode" value="Zero based"/>
    <property name="java.runtime.version" value="15.0.2+7-27"/>
    <property name="os.arch" value="amd64"/>
    <property name="java.io.tmpdir" value="C:\Users\39327\AppData\Local\Temp\"/>
    <property name="line.separator" value="
"/>
    <property name="java.vm.specification.vendor" value="Oracle Corporation"/>
    <property name="user.variant" value=""/>
    <property name="os.name" value="Windows 10"/>
    <property name="classworlds.conf" value="C:\Users\39327\eclipse-workspace\.metadata\.plugins\org.eclipse.m2e.launching\launches\m2conf6626761477753984393.tmp"/>
    <property name="sun.jnu.encoding" value="Cp1252"/>
    <property name="java.library.path" value="C:\Users\39327\.p2\pool\plugins\org.eclipse.justj.openjdk.hotspot.jre.full.win32.x86_64_15.0.2.v20210201-0955\jre\bin;C:\WINDOWS\Sun\Java\bin;C:\WINDOWS\system32;C:\WINDOWS;C:/Users/39327/.p2/pool/plugins/org.eclipse.justj.openjdk.hotspot.jre.full.win32.x86_64_15.0.2.v20210201-0955/jre/bin/server;C:/Users/39327/.p2/pool/plugins/org.eclipse.justj.openjdk.hotspot.jre.full.win32.x86_64_15.0.2.v20210201-0955/jre/bin;C:\Program Files\AdoptOpenJDK\jdk-11.0.10.9-hotspot\bin;C:\Program Files (x86)\VMware\VMware Player\bin\;C:\windows\system32;C:\windows;C:\windows\System32\Wbem;C:\windows\System32\WindowsPowerShell\v1.0\;C:\windows\System32\OpenSSH\;C:\Program Files (x86)\NVIDIA Corporation\PhysX\Common;C:\Program Files\NVIDIA Corporation\NVIDIA NvDLISR;C:\WINDOWS\system32;C:\WINDOWS;C:\WINDOWS\System32\Wbem;C:\WINDOWS\System32\WindowsPowerShell\v1.0\;C:\WINDOWS\System32\OpenSSH\;C:\Program Files\PuTTY\;C:\MinGW\bin;C:\Program Files\dotnet\;C:\Program Files\Git\cmd;C:\Program Files\Microsoft SQL Server\120\Tools\Binn\;C:\Program Files\MySQL\MySQL Shell 8.0\bin\;C:\Users\39327\AppData\Local\Microsoft\WindowsApps;C:\Users\39327\Anaconda3;C:\Users\39327\Anaconda3\Scripts;C:\Users\39327\AppData\Local\Programs\Microsoft VS Code\bin;C:\Users\39327\.dotnet\tools;C:\Users\39327\AppData\Local\GitHubDesktop\bin;C:\Users\39327\AppData\Local\gitkraken\bin;C:\WINDOWS\system32;;."/>
    <property name="jdk.debug" value="release"/>
    <property name="java.class.version" value="59.0"/>
    <property name="java.specification.name" value="Java Platform API Specification"/>
    <property name="sun.management.compiler" value="HotSpot 64-Bit Tiered Compilers"/>
    <property name="os.version" value="10.0"/>
    <property name="user.home" value="C:\Users\39327"/>
    <property name="user.timezone" value="Europe/Rome"/>
    <property name="file.encoding" value="Cp1252"/>
    <property name="java.specification.version" value="15"/>
    <property name="user.name" value="39327"/>
    <property name="java.class.path" value="C:\Users\39327\.p2\pool\plugins\org.eclipse.m2e.maven.runtime_1.16.0.20200610-1735\jars\plexus-classworlds-2.6.0.jar"/>
    <property name="java.vm.specification.version" value="15"/>
    <property name="sun.arch.data.model" value="64"/>
    <property name="sun.java.command" value="org.codehaus.plexus.classworlds.launcher.Launcher -B install"/>
    <property name="java.home" value="C:\Users\39327\.p2\pool\plugins\org.eclipse.justj.openjdk.hotspot.jre.full.win32.x86_64_15.0.2.v20210201-0955\jre"/>
    <property name="user.language" value="en"/>
    <property name="java.specification.vendor" value="Oracle Corporation"/>
    <property name="java.vm.info" value="mixed mode"/>
    <property name="java.version" value="15.0.2"/>
    <property name="java.vendor" value="Oracle Corporation"/>
    <property name="maven.home" value="C:\Users\39327\git\logistic-company-app\agileProject\EMBEDDED"/>
    <property name="file.separator" value="\"/>
    <property name="java.version.date" value="2021-01-19"/>
    <property name="java.vendor.url.bug" value="https://bugreport.java.com/bugreport/"/>
    <property name="sun.io.unicode.encoding" value="UnicodeLittle"/>
    <property name="sun.cpu.endian" value="little"/>
    <property name="sun.cpu.isalist" value="amd64"/>
  </properties>
  <testcase classname="Client Managment registration functionalities" name="Registration of a new client by a company" time="2.513"/>
  <testcase classname="Client Managment registration functionalities" name="Registration of a new client by a company" time="0.029"/>
  <testcase classname="Client Managment registration functionalities" name="Registration of a new client by a company" time="0.017"/>
  <testcase classname="Client Managment registration functionalities" name="Unsuccessful registration of a new client by a company because of already taken name" time="0.032"/>
  <testcase classname="Client Managment registration functionalities" name="Unsuccessful registration of a new client by a company because of already taken e-mail" time="0.022"/>
  <testcase classname="Client Managment search functionalities" name="Name search" time="0.025"/>
  <testcase classname="Client Managment search functionalities" name="Name search" time="0.009"/>
  <testcase classname="Client Managment search functionalities" name="E-mail search" time="0.025"/>
  <testcase classname="Client Managment search functionalities" name="E-mail search" time="0.011"/>
  <testcase classname="Client Managment update functionalities" name="Successful name update" time="0.037"/>
  <testcase classname="Client Managment update functionalities" name="Unsuccessful name update because name already taken" time="0.039"/>
  <testcase classname="Client Managment update functionalities" name="Successful e-mail update" time="0.031"/>
  <testcase classname="Client Managment update functionalities" name="Unsuccessful e-mail update because invalid e-mail" time="0.023"/>
  <testcase classname="Client Managment update functionalities" name="Unsuccessful e-mail update because e-mail already taken" time="0.044"/>
  <testcase classname="Client Managment update functionalities" name="Successful reference person update" time="0.029"/>
  <testcase classname="Client Managment update functionalities" name="Unsuccessful reference person update" time="0.026"/>
  <testcase classname="Client Managment update functionalities" name="Successful address update" time="0.02"/>
  <testcase classname="Client Managment update functionalities" name="Unsuccessful address update because invalid address" time="0.022"/>
  <testcase classname="Client Managment update functionalities" name="Unsuccessful address update because invalid address" time="0.021"/>
  <testcase classname="Client Managment update functionalities" name="Successful password update" time="0.031"/>
  <testcase classname="Client Managment update functionalities" name="Unsuccessful password update" time="0.023"/>
  <testcase classname="Title of your feature" name="Succesful search for container status history" time="0.296"/>
  <testcase classname="Title of your feature" name="Succesful search for container journey history" time="0.202"/>
  <testcase classname="Title of your feature" name="Succesful search for container journey status history" time="0.274"/>
  <testcase classname="Title of your feature" name="Succesful search for container status history" time="0.211"/>
  <testcase classname="Title of your feature" name="Succesful search for container journey history" time="0.183"/>
  <testcase classname="Title of your feature" name="Succesful search for container journey status history" time="0.225"/>
  <testcase classname="Title of your feature" name="Succesful search for container journey status history" time="0.253"/>
  <testcase classname="Container Tracking" name="Container Status" time="0.137"/>
  <testcase classname="Container Tracking" name="Container Status" time="0.096"/>
  <testcase classname="Container Tracking" name="latest Container Status request by authorized client" time="0.087"/>
  <testcase classname="Container Tracking" name="latest Container Status request by authorized client" time="0.046"/>
  <testcase classname="Container Tracking" name="latest Container Status request by authorized client for non exsisting journey" time="0.059"/>
  <testcase classname="Container Tracking" name="closest Container Status request by authorized client for non exsisting journey" time="0.049"/>
  <testcase classname="Container Tracking" name="Container Status request by unauthorized client" time="0.074"/>
  <testcase classname="Container Tracking" name="Container Status request with date" time="0.097"/>
  <testcase classname="Journey filtering by client" name="Successful Journey Filter" time="0.281"/>
  <testcase classname="Journey filtering by client" name="Successful Journey Filter" time="0.275"/>
  <testcase classname="Journey filtering by client" name="Successful Journey Filter" time="0.275"/>
  <testcase classname="Journey filtering by client" name="Successful Journey Filter" time="0.28"/>
  <testcase classname="Journey filtering by client" name="Successful Journey Filter" time="0.297"/>
  <testcase classname="Journey filtering by client" name="Successful Journey Filter" time="0.297"/>
  <testcase classname="Journey filtering by client" name="Successful Journey Filter" time="0.315"/>
  <testcase classname="Journey filtering by client" name="Successful Journey Filter" time="0.425"/>
  <testcase classname="Journey filtering by client" name="Successful Journey Filter" time="0.287"/>
  <testcase classname="Journey Registrations" name="Succesful Journey Registration" time="0.096"/>
  <testcase classname="Journey Registrations" name="Unsuccesful Journey Registration" time="0.018"/>
  <testcase classname="Journey Registrations" name="Unsuccesful Journey Registration" time="0.021"/>
  <testcase classname="Journey Registrations" name="Unsuccesful Journey Registration not enough Containers" time="0.065"/>
  <testcase classname="Journey Registrations" name="Successful Location adding" time="0.072"/>
  <testcase classname="Journey Registrations" name="Unsuccessful Location adding" time="0.046"/>
  <testcase classname="Journey update by logistics Company" name="Journey Update" time="0.11"/>
  <testcase classname="Journey update by logistics Company" name="Journey Update" time="0.081"/>
  <testcase classname="Journey update by logistics Company" name="Successful Journey Finish" time="0.104"/>
  <testcase classname="Journey update by logistics Company" name="Unsuccessful Journey Update because journey doesnt exist" time="0.069"/>
  <testcase classname="Journey update by logistics Company" name="Unsuccessful Journey finish because journey doesnt exist" time="0.097"/>
</testsuite>